d:\study\thuctap\programming_lesson_06\trainingframework\release-nvidia\vc141.pdb
d:\study\thuctap\programming_lesson_06\trainingframework\release-nvidia\trainingframework.obj
d:\study\thuctap\programming_lesson_06\trainingframework\release-nvidia\gsplay.obj
d:\study\thuctap\programming_lesson_06\trainingframework\release-nvidia\gsmenu.obj
d:\study\thuctap\programming_lesson_06\trainingframework\release-nvidia\gsintro.obj
d:\study\thuctap\programming_lesson_06\trainingframework\release-nvidia\gamestatemachine.obj
d:\study\thuctap\programming_lesson_06\trainingframework\release-nvidia\gamestatebase.obj
d:\study\thuctap\programming_lesson_06\trainingframework\release-nvidia\texture.obj
d:\study\thuctap\programming_lesson_06\trainingframework\release-nvidia\text.obj
d:\study\thuctap\programming_lesson_06\trainingframework\release-nvidia\shaders.obj
d:\study\thuctap\programming_lesson_06\trainingframework\release-nvidia\models.obj
d:\study\thuctap\programming_lesson_06\trainingframework\release-nvidia\sprite3d.obj
d:\study\thuctap\programming_lesson_06\trainingframework\release-nvidia\camera.obj
d:\study\thuctap\programming_lesson_06\trainingframework\release-nvidia\sprite2d.obj
d:\study\thuctap\programming_lesson_06\trainingframework\release-nvidia\player.obj
d:\study\thuctap\programming_lesson_06\trainingframework\release-nvidia\gamebutton.obj
d:\study\thuctap\programming_lesson_06\trainingframework\release-nvidia\font.obj
d:\study\thuctap\programming_lesson_06\trainingframework\release-nvidia\animation2d.obj
d:\study\thuctap\programming_lesson_06\trainingframework\release-nvidia\resourcemanagers.obj
d:\study\thuctap\programming_lesson_06\trainingframework\release-nvidia\application.obj
d:\study\thuctap\programming_lesson_06\\bin-nvidia\trainingframework.pdb
d:\study\thuctap\programming_lesson_06\\bin-nvidia\trainingframework.exe
d:\study\thuctap\programming_lesson_06\\bin-nvidia\trainingframework.ilk
d:\study\thuctap\programming_lesson_06\trainingframework\release-nvidia\training.fc024ec8.tlog\cl.command.1.tlog
d:\study\thuctap\programming_lesson_06\trainingframework\release-nvidia\training.fc024ec8.tlog\cl.read.1.tlog
d:\study\thuctap\programming_lesson_06\trainingframework\release-nvidia\training.fc024ec8.tlog\cl.write.1.tlog
