  GSPlay.cpp
D:\study\ThucTap\Programming_lesson_06\TrainingFramework\src\GameStates\GSPlay.cpp(54,60): warning C4244: 'argument': conversion from 'int' to 'GLfloat', possible loss of data
D:\study\ThucTap\Programming_lesson_06\TrainingFramework\src\GameStates\GSPlay.cpp(54,42): warning C4244: 'argument': conversion from 'int' to 'GLfloat', possible loss of data
D:\study\ThucTap\Programming_lesson_06\TrainingFramework\src\GameStates\GSPlay.cpp(58,75): warning C4244: 'argument': conversion from 'int' to 'GLfloat', possible loss of data
D:\study\ThucTap\Programming_lesson_06\TrainingFramework\src\GameStates\GSPlay.cpp(58,47): warning C4244: 'argument': conversion from 'int' to 'GLfloat', possible loss of data
D:\study\ThucTap\Programming_lesson_06\TrainingFramework\src\GameStates\GSPlay.cpp(67,66): warning C4244: 'argument': conversion from 'int' to 'GLfloat', possible loss of data
D:\study\ThucTap\Programming_lesson_06\TrainingFramework\src\GameStates\GSPlay.cpp(67,42): warning C4244: 'argument': conversion from 'int' to 'GLfloat', possible loss of data
D:\study\ThucTap\Programming_lesson_06\TrainingFramework\src\GameStates\GSPlay.cpp(74,55): warning C4244: 'argument': conversion from 'int' to 'GLfloat', possible loss of data
D:\study\ThucTap\Programming_lesson_06\TrainingFramework\src\GameStates\GSPlay.cpp(74,25): warning C4244: 'argument': conversion from 'int' to 'GLfloat', possible loss of data
D:\study\ThucTap\Programming_lesson_06\TrainingFramework\src\GameStates\GSPlay.cpp(80,56): warning C4244: 'argument': conversion from 'int' to 'GLfloat', possible loss of data
D:\study\ThucTap\Programming_lesson_06\TrainingFramework\src\GameStates\GSPlay.cpp(80,26): warning C4244: 'argument': conversion from 'int' to 'GLfloat', possible loss of data
D:\study\ThucTap\Programming_lesson_06\TrainingFramework\src\GameStates\GSPlay.cpp(86,37): warning C4244: 'argument': conversion from 'int' to 'GLfloat', possible loss of data
D:\study\ThucTap\Programming_lesson_06\TrainingFramework\src\GameStates\GSPlay.cpp(86,24): warning C4244: 'argument': conversion from 'int' to 'GLfloat', possible loss of data
D:\study\ThucTap\Programming_lesson_06\TrainingFramework\src\GameStates\GSPlay.cpp(166,100): warning C4244: 'argument': conversion from 'int' to 'GLfloat', possible loss of data
D:\study\ThucTap\Programming_lesson_06\TrainingFramework\src\GameStates\GSPlay.cpp(170,96): warning C4244: 'argument': conversion from 'int' to 'GLfloat', possible loss of data
D:\study\ThucTap\Programming_lesson_06\TrainingFramework\src\GameStates\GSPlay.cpp(174,102): warning C4244: 'argument': conversion from 'int' to 'GLfloat', possible loss of data
D:\study\ThucTap\Programming_lesson_06\TrainingFramework\src\GameStates\GSPlay.cpp(178,98): warning C4244: 'argument': conversion from 'int' to 'GLfloat', possible loss of data
D:\study\ThucTap\Programming_lesson_06\TrainingFramework\src\GameStates\GSPlay.cpp(319,38): warning C4244: 'argument': conversion from 'int' to 'GLfloat', possible loss of data
C:\Program Files (x86)\Microsoft Visual Studio\2019\Community\VC\Tools\MSVC\14.28.29910\include\xutility(138,73): warning C4244: 'argument': conversion from 'double' to 'GLfloat', possible loss of data
C:\Program Files (x86)\Microsoft Visual Studio\2019\Community\VC\Tools\MSVC\14.28.29910\include\memory(2194): message : see reference to function template instantiation 'void std::_Construct_in_place<_Ty,std::shared_ptr<Models>&,std::shared_ptr<Shaders>&,std::shared_ptr<Texture>&,int&,double&>(_Ty &,std::shared_ptr<Models> &,std::shared_ptr<Shaders> &,std::shared_ptr<Texture> &,int &,double &) noexcept(false)' being compiled
          with
          [
              _Ty=Animation2D
          ]
C:\Program Files (x86)\Microsoft Visual Studio\2019\Community\VC\Tools\MSVC\14.28.29910\include\memory(2907): message : see reference to function template instantiation 'std::_Ref_count_obj2<_Ty>::_Ref_count_obj2<std::shared_ptr<Models>&,std::shared_ptr<Shaders>&,std::shared_ptr<Texture>&,int&,double&>(std::shared_ptr<Models> &,std::shared_ptr<Shaders> &,std::shared_ptr<Texture> &,int &,double &)' being compiled
          with
          [
              _Ty=Animation2D
          ]
C:\Program Files (x86)\Microsoft Visual Studio\2019\Community\VC\Tools\MSVC\14.28.29910\include\memory(2907): message : see reference to function template instantiation 'std::_Ref_count_obj2<_Ty>::_Ref_count_obj2<std::shared_ptr<Models>&,std::shared_ptr<Shaders>&,std::shared_ptr<Texture>&,int&,double&>(std::shared_ptr<Models> &,std::shared_ptr<Shaders> &,std::shared_ptr<Texture> &,int &,double &)' being compiled
          with
          [
              _Ty=Animation2D
          ]
D:\study\ThucTap\Programming_lesson_06\TrainingFramework\src\GameStates\GSPlay.cpp(66): message : see reference to function template instantiation 'std::shared_ptr<Animation2D> std::make_shared<Animation2D,std::shared_ptr<Models>&,std::shared_ptr<Shaders>&,std::shared_ptr<Texture>&,int&,double&>(std::shared_ptr<Models> &,std::shared_ptr<Shaders> &,std::shared_ptr<Texture> &,int &,double &)' being compiled
C:\Program Files (x86)\Microsoft Visual Studio\2019\Community\VC\Tools\MSVC\14.28.29910\include\xutility(138,73): warning C4244: 'argument': conversion from 'int' to 'GLfloat', possible loss of data
C:\Program Files (x86)\Microsoft Visual Studio\2019\Community\VC\Tools\MSVC\14.28.29910\include\xutility(138,73): warning C4244: 'argument': conversion from '_Ty' to 'float', possible loss of data
          with
          [
              _Ty=double
          ]
C:\Program Files (x86)\Microsoft Visual Studio\2019\Community\VC\Tools\MSVC\14.28.29910\include\memory(2194): message : see reference to function template instantiation 'void std::_Construct_in_place<_Ty,std::shared_ptr<Shaders>&,std::shared_ptr<Font>&,std::basic_string<char,std::char_traits<char>,std::allocator<char>>,TEXT_COLOR,double>(_Ty &,std::shared_ptr<Shaders> &,std::shared_ptr<Font> &,std::basic_string<char,std::char_traits<char>,std::allocator<char>> &&,TEXT_COLOR &&,double &&) noexcept(false)' being compiled
          with
          [
              _Ty=Text
          ]
C:\Program Files (x86)\Microsoft Visual Studio\2019\Community\VC\Tools\MSVC\14.28.29910\include\memory(2907): message : see reference to function template instantiation 'std::_Ref_count_obj2<_Ty>::_Ref_count_obj2<std::shared_ptr<Shaders>&,std::shared_ptr<Font>&,std::basic_string<char,std::char_traits<char>,std::allocator<char>>,TEXT_COLOR,double>(std::shared_ptr<Shaders> &,std::shared_ptr<Font> &,std::basic_string<char,std::char_traits<char>,std::allocator<char>> &&,TEXT_COLOR &&,double &&)' being compiled
          with
          [
              _Ty=Text
          ]
C:\Program Files (x86)\Microsoft Visual Studio\2019\Community\VC\Tools\MSVC\14.28.29910\include\memory(2907): message : see reference to function template instantiation 'std::_Ref_count_obj2<_Ty>::_Ref_count_obj2<std::shared_ptr<Shaders>&,std::shared_ptr<Font>&,std::basic_string<char,std::char_traits<char>,std::allocator<char>>,TEXT_COLOR,double>(std::shared_ptr<Shaders> &,std::shared_ptr<Font> &,std::basic_string<char,std::char_traits<char>,std::allocator<char>> &&,TEXT_COLOR &&,double &&)' being compiled
          with
          [
              _Ty=Text
          ]
D:\study\ThucTap\Programming_lesson_06\TrainingFramework\src\GameStates\GSPlay.cpp(92): message : see reference to function template instantiation 'std::shared_ptr<Text> std::make_shared<Text,std::shared_ptr<Shaders>&,std::shared_ptr<Font>&,std::basic_string<char,std::char_traits<char>,std::allocator<char>>,TEXT_COLOR,double>(std::shared_ptr<Shaders> &,std::shared_ptr<Font> &,std::basic_string<char,std::char_traits<char>,std::allocator<char>> &&,TEXT_COLOR &&,double &&)' being compiled
soloud_static.lib(soloud_core_basicops.obj) : warning LNK4075: ignoring '/EDITANDCONTINUE' due to '/OPT:ICF' specification
LINK : warning LNK4098: defaultlib 'LIBCMTD' conflicts with use of other libs; use /NODEFAULTLIB:library
LINK : warning LNK4098: defaultlib 'LIBCMT' conflicts with use of other libs; use /NODEFAULTLIB:library
  Generating code
  0 of 1464 functions ( 0.0%) were compiled, the rest were copied from previous compilation.
    0 functions were new in current compilation
    0 functions had inline decision re-evaluated but remain unchanged
  Finished generating code
  TrainingFramework.vcxproj -> D:\study\ThucTap\Programming_lesson_06\BIN-Nvidia\TrainingFramework.exe
