d:\study\thuctap\programming_lesson_06\trainingframework\debug-nvidia\vc141.pdb
d:\study\thuctap\programming_lesson_06\trainingframework\debug-nvidia\vc141.idb
d:\study\thuctap\programming_lesson_06\trainingframework\debug-nvidia\application.obj
d:\study\thuctap\programming_lesson_06\trainingframework\debug-nvidia\resourcemanagers.obj
d:\study\thuctap\programming_lesson_06\trainingframework\debug-nvidia\animation2d.obj
d:\study\thuctap\programming_lesson_06\trainingframework\debug-nvidia\font.obj
d:\study\thuctap\programming_lesson_06\trainingframework\debug-nvidia\gamebutton.obj
d:\study\thuctap\programming_lesson_06\trainingframework\debug-nvidia\player.obj
d:\study\thuctap\programming_lesson_06\trainingframework\debug-nvidia\sprite2d.obj
d:\study\thuctap\programming_lesson_06\trainingframework\debug-nvidia\camera.obj
d:\study\thuctap\programming_lesson_06\trainingframework\debug-nvidia\sprite3d.obj
d:\study\thuctap\programming_lesson_06\trainingframework\debug-nvidia\models.obj
d:\study\thuctap\programming_lesson_06\trainingframework\debug-nvidia\shaders.obj
d:\study\thuctap\programming_lesson_06\trainingframework\debug-nvidia\text.obj
d:\study\thuctap\programming_lesson_06\trainingframework\debug-nvidia\texture.obj
d:\study\thuctap\programming_lesson_06\trainingframework\debug-nvidia\gamestatebase.obj
d:\study\thuctap\programming_lesson_06\trainingframework\debug-nvidia\gamestatemachine.obj
d:\study\thuctap\programming_lesson_06\trainingframework\debug-nvidia\gsintro.obj
d:\study\thuctap\programming_lesson_06\trainingframework\debug-nvidia\gsmenu.obj
d:\study\thuctap\programming_lesson_06\trainingframework\debug-nvidia\gsplay.obj
d:\study\thuctap\programming_lesson_06\trainingframework\debug-nvidia\trainingframework.obj
d:\study\thuctap\programming_lesson_06\trainingframework\debug-nvidia\training.fc024ec8.tlog\cl.command.1.tlog
d:\study\thuctap\programming_lesson_06\trainingframework\debug-nvidia\training.fc024ec8.tlog\cl.read.1.tlog
d:\study\thuctap\programming_lesson_06\trainingframework\debug-nvidia\training.fc024ec8.tlog\cl.write.1.tlog
d:\study\thuctap\programming_lesson_06\trainingframework\debug-nvidia\training.fc024ec8.tlog\link.command.1.tlog
d:\study\thuctap\programming_lesson_06\trainingframework\debug-nvidia\training.fc024ec8.tlog\link.read.1.tlog
d:\study\thuctap\programming_lesson_06\trainingframework\debug-nvidia\training.fc024ec8.tlog\link.write.1.tlog
